<?xml version="1.0" encoding="UTF-8"?>
<!-- Generated by org.testng.reporters.JUnitReportReporter -->
<testsuite hostname="ASUS" failures="0" tests="1" name="testscript.HomeTest" time="8.435" errors="0" timestamp="2024-12-11T11:05:36 IST" skipped="0">
  <testcase classname="testscript.HomeTest" name="verifyIfUserIsAbleToLogOut" time="8.435"/>
</testsuite> <!-- testscript.HomeTest -->
