<?xml version="1.0" encoding="UTF-8"?>
<!-- Generated by org.testng.reporters.JUnitReportReporter -->
<testsuite hostname="ASUS" failures="0" tests="1" name="testscript.ManageContactTest" time="5.399" errors="0" timestamp="2024-12-02T10:57:21 IST" skipped="0">
  <testcase classname="testscript.ManageContactTest" name="updateManageContact" time="5.399"/>
</testsuite> <!-- testscript.ManageContactTest -->
