<?xml version="1.0" encoding="UTF-8"?>
<!-- Generated by org.testng.reporters.JUnitReportReporter -->
<testsuite hostname="ASUS" failures="0" tests="1" name="testscript.ManageNewsTest" time="14.359" errors="0" timestamp="2024-11-20T14:47:26 IST" skipped="0">
  <testcase classname="testscript.ManageNewsTest" name="deleteManageNews" time="14.359"/>
</testsuite> <!-- testscript.ManageNewsTest -->
