<?xml version="1.0" encoding="UTF-8"?>
<!-- Generated by org.testng.reporters.JUnitReportReporter -->
<testsuite hostname="ASUS" failures="0" tests="1" name="testscript.ManageContactTest" time="7.858" errors="0" timestamp="2024-12-09T12:22:16 IST" skipped="0">
  <testcase classname="testscript.ManageContactTest" name="VerifyThatUserIsAbleToUpdateContact" time="7.858"/>
</testsuite> <!-- testscript.ManageContactTest -->
