<?xml version="1.0" encoding="UTF-8"?>
<!-- Generated by org.testng.reporters.JUnitReportReporter -->
<testsuite hostname="ASUS" failures="0" tests="1" name="testscript.ManageFooterTextTest" time="7.392" errors="0" timestamp="2024-12-09T12:40:50 IST" skipped="0">
  <testcase classname="testscript.ManageFooterTextTest" name="verifyThatUpdateButtonDisplayed" time="7.392"/>
</testsuite> <!-- testscript.ManageFooterTextTest -->
