<?xml version="1.0" encoding="UTF-8"?>
<!-- Generated by org.testng.reporters.JUnitReportReporter -->
<testsuite hostname="ASUS" failures="0" tests="1" name="testscript.ManageProductTest" time="7.388" errors="0" timestamp="2024-12-02T14:30:02 IST" skipped="0">
  <testcase classname="testscript.ManageProductTest" name="saveProduct" time="7.388"/>
</testsuite> <!-- testscript.ManageProductTest -->
