<?xml version="1.0" encoding="UTF-8"?>
<!-- Generated by org.testng.reporters.JUnitReportReporter -->
<testsuite hostname="ASUS" failures="0" tests="1" name="testscript.ManageNewsTest" time="8.840" errors="0" timestamp="2024-11-20T18:06:03 IST" skipped="0">
  <testcase classname="testscript.ManageNewsTest" name="deleteManageNews" time="8.840"/>
</testsuite> <!-- testscript.ManageNewsTest -->
