<?xml version="1.0" encoding="UTF-8"?>
<!-- Generated by org.testng.reporters.JUnitReportReporter -->
<testsuite hostname="ASUS" failures="0" tests="1" name="testscript.LoginTest" time="11.586" errors="0" timestamp="2024-12-03T10:01:00 IST" skipped="0">
  <testcase classname="testscript.LoginTest" name="verifyTheuserisabletologinusinginvalidcredentials" time="11.586"/>
</testsuite> <!-- testscript.LoginTest -->
