<?xml version="1.0" encoding="UTF-8"?>
<!-- Generated by org.testng.reporters.JUnitReportReporter -->
<testsuite hostname="ASUS" failures="0" tests="1" name="testscript.LoginTest" time="6.456" errors="0" timestamp="2024-11-13T11:28:15 IST" skipped="0">
  <testcase classname="testscript.LoginTest" name="verifyTheuserisabletologinusinginvalidcredentials" time="6.456"/>
</testsuite> <!-- testscript.LoginTest -->
