<?xml version="1.0" encoding="UTF-8"?>
<!-- Generated by org.testng.reporters.JUnitReportReporter -->
<testsuite hostname="ASUS" failures="0" tests="1" name="testscript.ManageFooterTextTest" time="7.845" errors="0" timestamp="2024-11-29T18:34:34 IST" skipped="0">
  <testcase classname="testscript.ManageFooterTextTest" name="isUpdateButtonDisplayed" time="7.845"/>
</testsuite> <!-- testscript.ManageFooterTextTest -->
