<?xml version="1.0" encoding="UTF-8"?>
<!-- Generated by org.testng.reporters.JUnitReportReporter -->
<testsuite hostname="ASUS" failures="0" tests="1" name="testscript.ManageNewsTest" time="6.075" errors="0" timestamp="2024-11-20T16:20:42 IST" skipped="0">
  <testcase classname="testscript.ManageNewsTest" name="saveNewNews" time="6.075"/>
</testsuite> <!-- testscript.ManageNewsTest -->
