<?xml version="1.0" encoding="UTF-8"?>
<!-- Generated by org.testng.reporters.JUnitReportReporter -->
<testsuite hostname="ASUS" failures="0" tests="1" name="testscript.ManageProductTest" time="7.162" errors="0" timestamp="2024-12-09T18:45:15 IST" skipped="0">
  <testcase classname="testscript.ManageProductTest" name="verifyAlertIsDisplayedForMandatoryFieldsSavingAProduct" time="7.162"/>
</testsuite> <!-- testscript.ManageProductTest -->
