<?xml version="1.0" encoding="UTF-8"?>
<!-- Generated by org.testng.reporters.JUnitReportReporter -->
<testsuite hostname="ASUS" failures="0" tests="1" name="testscript.LoginTest" time="4.134" errors="0" timestamp="2024-11-19T12:22:48 IST" skipped="0">
  <testcase classname="testscript.LoginTest" name="verifyTheuserisabletologinusinginvalidusernameandvalidpassword" time="4.134"/>
</testsuite> <!-- testscript.LoginTest -->
