<?xml version="1.0" encoding="UTF-8"?>
<!-- Generated by org.testng.reporters.JUnitReportReporter -->
<testsuite hostname="ASUS" failures="0" tests="1" name="testscript.AdminUserTest" time="16.392" errors="0" timestamp="2024-12-09T11:39:44 IST" skipped="0">
  <testcase classname="testscript.AdminUserTest" name="verifyIfUserIsAbleToUpdateAllFields" time="16.392"/>
</testsuite> <!-- testscript.AdminUserTest -->
